2022-08-02 10:04:09.105  INFO 11968 --- [  restartedMain] com.exam.online.ApplicationStart         : Starting ApplicationStart using Java 1.8.0_202 on ROG with PID 11968 (E:\project\IntelliJ IDEA\examonline\target\classes started by WangJian in E:\project\IntelliJ IDEA\examonline)
2022-08-02 10:04:09.106  INFO 11968 --- [  restartedMain] com.exam.online.ApplicationStart         : No active profile set, falling back to 1 default profile: "default"
2022-08-02 10:04:09.137  INFO 11968 --- [  restartedMain] .e.DevToolsPropertyDefaultsPostProcessor : Devtools property defaults active! Set 'spring.devtools.add-properties' to 'false' to disable
2022-08-02 10:04:09.137  INFO 11968 --- [  restartedMain] .e.DevToolsPropertyDefaultsPostProcessor : For additional web related logging consider setting the 'logging.level.web' property to 'DEBUG'
2022-08-02 10:04:10.151  INFO 11968 --- [  restartedMain] o.s.b.w.embedded.tomcat.TomcatWebServer  : Tomcat initialized with port(s): 80 (http)
2022-08-02 10:04:10.160  INFO 11968 --- [  restartedMain] o.a.coyote.http11.Http11NioProtocol      : Initializing ProtocolHandler ["http-nio-80"]
2022-08-02 10:04:10.161  INFO 11968 --- [  restartedMain] o.apache.catalina.core.StandardService   : Starting service [Tomcat]
2022-08-02 10:04:10.161  INFO 11968 --- [  restartedMain] org.apache.catalina.core.StandardEngine  : Starting Servlet engine: [Apache Tomcat/9.0.65]
2022-08-02 10:04:10.219  INFO 11968 --- [  restartedMain] o.a.c.c.C.[Tomcat].[localhost].[/]       : Initializing Spring embedded WebApplicationContext
2022-08-02 10:04:10.220  INFO 11968 --- [  restartedMain] w.s.c.ServletWebServerApplicationContext : Root WebApplicationContext: initialization completed in 1083 ms
2022-08-02 10:04:10.305  INFO 11968 --- [  restartedMain] c.a.d.s.b.a.DruidDataSourceAutoConfigure : Init DruidDataSource
2022-08-02 10:04:11.048  INFO 11968 --- [  restartedMain] com.alibaba.druid.pool.DruidDataSource   : {dataSource-1} inited
2022-08-02 10:04:11.419  INFO 11968 --- [  restartedMain] o.s.b.a.w.s.WelcomePageHandlerMapping    : Adding welcome page: class path resource [static/index.html]
2022-08-02 10:04:11.500  WARN 11968 --- [  restartedMain] ion$DefaultTemplateResolverConfiguration : Cannot find template location: classpath:/templates/ (please add some templates or check your Thymeleaf configuration)
2022-08-02 10:04:11.641  INFO 11968 --- [  restartedMain] o.s.b.d.a.OptionalLiveReloadServer       : LiveReload server is running on port 35729
2022-08-02 10:04:11.664  INFO 11968 --- [  restartedMain] o.a.coyote.http11.Http11NioProtocol      : Starting ProtocolHandler ["http-nio-80"]
2022-08-02 10:04:11.676  INFO 11968 --- [  restartedMain] o.s.b.w.embedded.tomcat.TomcatWebServer  : Tomcat started on port(s): 80 (http) with context path ''
2022-08-02 10:04:11.684  INFO 11968 --- [  restartedMain] com.exam.online.ApplicationStart         : Started ApplicationStart in 2.92 seconds (JVM running for 3.5)
2022-08-02 10:04:22.278  INFO 11968 --- [SpringApplicationShutdownHook] com.alibaba.druid.pool.DruidDataSource   : {dataSource-1} closing ...
2022-08-02 10:04:22.280  INFO 11968 --- [SpringApplicationShutdownHook] com.alibaba.druid.pool.DruidDataSource   : {dataSource-1} closed
2022-08-02 10:04:32.544  INFO 17532 --- [  restartedMain] com.exam.online.ApplicationStart         : Starting ApplicationStart using Java 1.8.0_202 on ROG with PID 17532 (E:\project\IntelliJ IDEA\examonline\target\classes started by WangJian in E:\project\IntelliJ IDEA\examonline)
2022-08-02 10:04:32.545  INFO 17532 --- [  restartedMain] com.exam.online.ApplicationStart         : No active profile set, falling back to 1 default profile: "default"
2022-08-02 10:04:32.581  INFO 17532 --- [  restartedMain] .e.DevToolsPropertyDefaultsPostProcessor : Devtools property defaults active! Set 'spring.devtools.add-properties' to 'false' to disable
2022-08-02 10:04:32.582  INFO 17532 --- [  restartedMain] .e.DevToolsPropertyDefaultsPostProcessor : For additional web related logging consider setting the 'logging.level.web' property to 'DEBUG'
2022-08-02 10:04:33.420  INFO 17532 --- [  restartedMain] o.s.b.w.embedded.tomcat.TomcatWebServer  : Tomcat initialized with port(s): 80 (http)
2022-08-02 10:04:33.426  INFO 17532 --- [  restartedMain] o.a.coyote.http11.Http11NioProtocol      : Initializing ProtocolHandler ["http-nio-80"]
2022-08-02 10:04:33.426  INFO 17532 --- [  restartedMain] o.apache.catalina.core.StandardService   : Starting service [Tomcat]
2022-08-02 10:04:33.427  INFO 17532 --- [  restartedMain] org.apache.catalina.core.StandardEngine  : Starting Servlet engine: [Apache Tomcat/9.0.65]
2022-08-02 10:04:33.467  INFO 17532 --- [  restartedMain] o.a.c.c.C.[Tomcat].[localhost].[/]       : Initializing Spring embedded WebApplicationContext
2022-08-02 10:04:33.467  INFO 17532 --- [  restartedMain] w.s.c.ServletWebServerApplicationContext : Root WebApplicationContext: initialization completed in 885 ms
2022-08-02 10:04:33.530  INFO 17532 --- [  restartedMain] c.a.d.s.b.a.DruidDataSourceAutoConfigure : Init DruidDataSource
2022-08-02 10:04:34.274  INFO 17532 --- [  restartedMain] com.alibaba.druid.pool.DruidDataSource   : {dataSource-1} inited
2022-08-02 10:04:34.616  INFO 17532 --- [  restartedMain] o.s.b.a.w.s.WelcomePageHandlerMapping    : Adding welcome page: class path resource [static/index.html]
2022-08-02 10:04:34.697  WARN 17532 --- [  restartedMain] ion$DefaultTemplateResolverConfiguration : Cannot find template location: classpath:/templates/ (please add some templates or check your Thymeleaf configuration)
2022-08-02 10:04:34.840  INFO 17532 --- [  restartedMain] o.s.b.d.a.OptionalLiveReloadServer       : LiveReload server is running on port 35729
2022-08-02 10:04:34.864  INFO 17532 --- [  restartedMain] o.a.coyote.http11.Http11NioProtocol      : Starting ProtocolHandler ["http-nio-80"]
2022-08-02 10:04:34.875  INFO 17532 --- [  restartedMain] o.s.b.w.embedded.tomcat.TomcatWebServer  : Tomcat started on port(s): 80 (http) with context path ''
2022-08-02 10:04:34.882  INFO 17532 --- [  restartedMain] com.exam.online.ApplicationStart         : Started ApplicationStart in 2.683 seconds (JVM running for 3.285)
2022-08-02 10:44:20.506  INFO 17532 --- [SpringApplicationShutdownHook] com.alibaba.druid.pool.DruidDataSource   : {dataSource-1} closing ...
2022-08-02 10:44:20.510  INFO 17532 --- [SpringApplicationShutdownHook] com.alibaba.druid.pool.DruidDataSource   : {dataSource-1} closed
2022-08-02 14:24:01.897  INFO 16440 --- [  restartedMain] com.exam.online.ApplicationStart         : Starting ApplicationStart using Java 1.8.0_202 on ROG with PID 16440 (E:\project\IntelliJ IDEA\examonline\target\classes started by WangJian in E:\project\IntelliJ IDEA\examonline)
2022-08-02 14:24:01.898  INFO 16440 --- [  restartedMain] com.exam.online.ApplicationStart         : No active profile set, falling back to 1 default profile: "default"
2022-08-02 14:24:01.928  INFO 16440 --- [  restartedMain] .e.DevToolsPropertyDefaultsPostProcessor : Devtools property defaults active! Set 'spring.devtools.add-properties' to 'false' to disable
2022-08-02 14:24:01.928  INFO 16440 --- [  restartedMain] .e.DevToolsPropertyDefaultsPostProcessor : For additional web related logging consider setting the 'logging.level.web' property to 'DEBUG'
2022-08-02 14:24:02.768  INFO 16440 --- [  restartedMain] o.s.b.w.embedded.tomcat.TomcatWebServer  : Tomcat initialized with port(s): 80 (http)
2022-08-02 14:24:02.774  INFO 16440 --- [  restartedMain] o.a.coyote.http11.Http11NioProtocol      : Initializing ProtocolHandler ["http-nio-80"]
2022-08-02 14:24:02.774  INFO 16440 --- [  restartedMain] o.apache.catalina.core.StandardService   : Starting service [Tomcat]
2022-08-02 14:24:02.774  INFO 16440 --- [  restartedMain] org.apache.catalina.core.StandardEngine  : Starting Servlet engine: [Apache Tomcat/9.0.65]
2022-08-02 14:24:02.819  INFO 16440 --- [  restartedMain] o.a.c.c.C.[Tomcat].[localhost].[/]       : Initializing Spring embedded WebApplicationContext
2022-08-02 14:24:02.819  INFO 16440 --- [  restartedMain] w.s.c.ServletWebServerApplicationContext : Root WebApplicationContext: initialization completed in 890 ms
2022-08-02 14:24:02.889  INFO 16440 --- [  restartedMain] c.a.d.s.b.a.DruidDataSourceAutoConfigure : Init DruidDataSource
2022-08-02 14:24:03.636  INFO 16440 --- [  restartedMain] com.alibaba.druid.pool.DruidDataSource   : {dataSource-1} inited
2022-08-02 14:24:03.991  INFO 16440 --- [  restartedMain] o.s.b.a.w.s.WelcomePageHandlerMapping    : Adding welcome page: class path resource [static/index.html]
2022-08-02 14:24:04.086  WARN 16440 --- [  restartedMain] ion$DefaultTemplateResolverConfiguration : Cannot find template location: classpath:/templates/ (please add some templates or check your Thymeleaf configuration)
2022-08-02 14:24:04.262  INFO 16440 --- [  restartedMain] o.s.b.d.a.OptionalLiveReloadServer       : LiveReload server is running on port 35729
2022-08-02 14:24:04.286  INFO 16440 --- [  restartedMain] o.a.coyote.http11.Http11NioProtocol      : Starting ProtocolHandler ["http-nio-80"]
2022-08-02 14:24:04.297  INFO 16440 --- [  restartedMain] o.s.b.w.embedded.tomcat.TomcatWebServer  : Tomcat started on port(s): 80 (http) with context path ''
2022-08-02 14:24:04.305  INFO 16440 --- [  restartedMain] com.exam.online.ApplicationStart         : Started ApplicationStart in 2.807 seconds (JVM running for 3.512)
2022-08-02 14:24:04.433  INFO 16440 --- [http-nio-80-exec-1] o.a.c.c.C.[Tomcat].[localhost].[/]       : Initializing Spring DispatcherServlet 'dispatcherServlet'
2022-08-02 14:24:04.433  INFO 16440 --- [http-nio-80-exec-1] o.s.web.servlet.DispatcherServlet        : Initializing Servlet 'dispatcherServlet'
2022-08-02 14:24:04.434  INFO 16440 --- [http-nio-80-exec-1] o.s.web.servlet.DispatcherServlet        : Completed initialization in 1 ms
2022-08-02 14:28:35.695  INFO 16440 --- [SpringApplicationShutdownHook] com.alibaba.druid.pool.DruidDataSource   : {dataSource-1} closing ...
2022-08-02 14:28:35.697  INFO 16440 --- [SpringApplicationShutdownHook] com.alibaba.druid.pool.DruidDataSource   : {dataSource-1} closed
2022-08-02 14:28:38.995  WARN 11336 --- [  restartedMain] ConfigServletWebServerApplicationContext : Exception encountered during context initialization - cancelling refresh attempt: org.springframework.beans.factory.UnsatisfiedDependencyException: Error creating bean with name 'loginController': Unsatisfied dependency expressed through field 'loginService'; nested exception is org.springframework.beans.factory.UnsatisfiedDependencyException: Error creating bean with name 'loginServiceImpl': Unsatisfied dependency expressed through field 'adminMapper'; nested exception is org.springframework.beans.factory.UnsatisfiedDependencyException: Error creating bean with name 'IAdminMapper' defined in file [E:\project\IntelliJ IDEA\examonline\target\classes\com\exam\online\mapper\IAdminMapper.class]: Unsatisfied dependency expressed through bean property 'sqlSessionFactory'; nested exception is org.springframework.beans.factory.UnsatisfiedDependencyException: Error creating bean with name 'sqlSessionFactory' defined in class path resource [org/mybatis/spring/boot/autoconfigure/MybatisAutoConfiguration.class]: Unsatisfied dependency expressed through method 'sqlSessionFactory' parameter 0; nested exception is org.springframework.beans.factory.BeanCreationException: Error creating bean with name 'dataSource' defined in class path resource [com/alibaba/druid/spring/boot/autoconfigure/DruidDataSourceAutoConfigure.class]: Invocation of init method failed; nested exception is org.springframework.boot.autoconfigure.jdbc.DataSourceProperties$DataSourceBeanCreationException: Failed to determine a suitable driver class
2022-08-02 14:28:39.039 ERROR 11336 --- [  restartedMain] o.s.b.d.LoggingFailureAnalysisReporter   : 

***************************
APPLICATION FAILED TO START
***************************

Description:

Failed to configure a DataSource: 'url' attribute is not specified and no embedded datasource could be configured.

Reason: Failed to determine a suitable driver class


Action:

Consider the following:
	If you want an embedded database (H2, HSQL or Derby), please put it on the classpath.
	If you have database settings to be loaded from a particular profile you may need to activate it (no profiles are currently active).

2022-08-02 14:28:52.792  INFO 15100 --- [  restartedMain] com.exam.online.ApplicationStart         : Starting ApplicationStart using Java 1.8.0_202 on ROG with PID 15100 (E:\project\IntelliJ IDEA\examonline\target\classes started by WangJian in E:\project\IntelliJ IDEA\examonline)
2022-08-02 14:28:52.793  INFO 15100 --- [  restartedMain] com.exam.online.ApplicationStart         : No active profile set, falling back to 1 default profile: "default"
2022-08-02 14:28:52.829  INFO 15100 --- [  restartedMain] .e.DevToolsPropertyDefaultsPostProcessor : Devtools property defaults active! Set 'spring.devtools.add-properties' to 'false' to disable
2022-08-02 14:28:52.829  INFO 15100 --- [  restartedMain] .e.DevToolsPropertyDefaultsPostProcessor : For additional web related logging consider setting the 'logging.level.web' property to 'DEBUG'
2022-08-02 14:28:53.638  INFO 15100 --- [  restartedMain] o.s.b.w.embedded.tomcat.TomcatWebServer  : Tomcat initialized with port(s): 8080 (http)
2022-08-02 14:28:53.643  INFO 15100 --- [  restartedMain] o.a.coyote.http11.Http11NioProtocol      : Initializing ProtocolHandler ["http-nio-8080"]
2022-08-02 14:28:53.643  INFO 15100 --- [  restartedMain] o.apache.catalina.core.StandardService   : Starting service [Tomcat]
2022-08-02 14:28:53.643  INFO 15100 --- [  restartedMain] org.apache.catalina.core.StandardEngine  : Starting Servlet engine: [Apache Tomcat/9.0.65]
2022-08-02 14:28:53.684  INFO 15100 --- [  restartedMain] o.a.c.c.C.[Tomcat].[localhost].[/]       : Initializing Spring embedded WebApplicationContext
2022-08-02 14:28:53.685  INFO 15100 --- [  restartedMain] w.s.c.ServletWebServerApplicationContext : Root WebApplicationContext: initialization completed in 855 ms
2022-08-02 14:28:53.735  INFO 15100 --- [  restartedMain] c.a.d.s.b.a.DruidDataSourceAutoConfigure : Init DruidDataSource
2022-08-02 14:28:53.768  WARN 15100 --- [  restartedMain] ConfigServletWebServerApplicationContext : Exception encountered during context initialization - cancelling refresh attempt: org.springframework.beans.factory.UnsatisfiedDependencyException: Error creating bean with name 'loginController': Unsatisfied dependency expressed through field 'loginService'; nested exception is org.springframework.beans.factory.UnsatisfiedDependencyException: Error creating bean with name 'loginServiceImpl': Unsatisfied dependency expressed through field 'adminMapper'; nested exception is org.springframework.beans.factory.UnsatisfiedDependencyException: Error creating bean with name 'IAdminMapper' defined in file [E:\project\IntelliJ IDEA\examonline\target\classes\com\exam\online\mapper\IAdminMapper.class]: Unsatisfied dependency expressed through bean property 'sqlSessionFactory'; nested exception is org.springframework.beans.factory.UnsatisfiedDependencyException: Error creating bean with name 'sqlSessionFactory' defined in class path resource [org/mybatis/spring/boot/autoconfigure/MybatisAutoConfiguration.class]: Unsatisfied dependency expressed through method 'sqlSessionFactory' parameter 0; nested exception is org.springframework.beans.factory.BeanCreationException: Error creating bean with name 'dataSource' defined in class path resource [com/alibaba/druid/spring/boot/autoconfigure/DruidDataSourceAutoConfigure.class]: Invocation of init method failed; nested exception is org.springframework.boot.autoconfigure.jdbc.DataSourceProperties$DataSourceBeanCreationException: Failed to determine a suitable driver class
2022-08-02 14:28:53.770  INFO 15100 --- [  restartedMain] o.apache.catalina.core.StandardService   : Stopping service [Tomcat]
2022-08-02 14:28:53.783  INFO 15100 --- [  restartedMain] ConditionEvaluationReportLoggingListener : 

Error starting ApplicationContext. To display the conditions report re-run your application with 'debug' enabled.
2022-08-02 14:28:53.797 ERROR 15100 --- [  restartedMain] o.s.b.d.LoggingFailureAnalysisReporter   : 

***************************
APPLICATION FAILED TO START
***************************

Description:

Failed to configure a DataSource: 'url' attribute is not specified and no embedded datasource could be configured.

Reason: Failed to determine a suitable driver class


Action:

Consider the following:
	If you want an embedded database (H2, HSQL or Derby), please put it on the classpath.
	If you have database settings to be loaded from a particular profile you may need to activate it (no profiles are currently active).

2022-08-02 14:29:35.114  INFO 15972 --- [  restartedMain] com.exam.online.ApplicationStart         : Starting ApplicationStart using Java 1.8.0_202 on ROG with PID 15972 (E:\project\IntelliJ IDEA\examonline\target\classes started by WangJian in E:\project\IntelliJ IDEA\examonline)
2022-08-02 14:29:35.115  INFO 15972 --- [  restartedMain] com.exam.online.ApplicationStart         : No active profile set, falling back to 1 default profile: "default"
2022-08-02 14:29:35.148  INFO 15972 --- [  restartedMain] .e.DevToolsPropertyDefaultsPostProcessor : Devtools property defaults active! Set 'spring.devtools.add-properties' to 'false' to disable
2022-08-02 14:29:35.148  INFO 15972 --- [  restartedMain] .e.DevToolsPropertyDefaultsPostProcessor : For additional web related logging consider setting the 'logging.level.web' property to 'DEBUG'
2022-08-02 14:29:35.940  INFO 15972 --- [  restartedMain] o.s.b.w.embedded.tomcat.TomcatWebServer  : Tomcat initialized with port(s): 80 (http)
2022-08-02 14:29:35.945  INFO 15972 --- [  restartedMain] o.a.coyote.http11.Http11NioProtocol      : Initializing ProtocolHandler ["http-nio-80"]
2022-08-02 14:29:35.946  INFO 15972 --- [  restartedMain] o.apache.catalina.core.StandardService   : Starting service [Tomcat]
2022-08-02 14:29:35.946  INFO 15972 --- [  restartedMain] org.apache.catalina.core.StandardEngine  : Starting Servlet engine: [Apache Tomcat/9.0.65]
2022-08-02 14:29:35.987  INFO 15972 --- [  restartedMain] o.a.c.c.C.[Tomcat].[localhost].[/]       : Initializing Spring embedded WebApplicationContext
2022-08-02 14:29:35.987  INFO 15972 --- [  restartedMain] w.s.c.ServletWebServerApplicationContext : Root WebApplicationContext: initialization completed in 839 ms
2022-08-02 14:29:36.051  INFO 15972 --- [  restartedMain] c.a.d.s.b.a.DruidDataSourceAutoConfigure : Init DruidDataSource
2022-08-02 14:29:36.783  INFO 15972 --- [  restartedMain] com.alibaba.druid.pool.DruidDataSource   : {dataSource-1} inited
2022-08-02 14:29:37.120  INFO 15972 --- [  restartedMain] o.s.b.a.w.s.WelcomePageHandlerMapping    : Adding welcome page: class path resource [static/index.html]
2022-08-02 14:29:37.199  WARN 15972 --- [  restartedMain] ion$DefaultTemplateResolverConfiguration : Cannot find template location: classpath:/templates/ (please add some templates or check your Thymeleaf configuration)
2022-08-02 14:29:37.330  INFO 15972 --- [  restartedMain] o.s.b.d.a.OptionalLiveReloadServer       : LiveReload server is running on port 35729
2022-08-02 14:29:37.355  INFO 15972 --- [  restartedMain] o.a.coyote.http11.Http11NioProtocol      : Starting ProtocolHandler ["http-nio-80"]
2022-08-02 14:29:37.365  INFO 15972 --- [  restartedMain] o.s.b.w.embedded.tomcat.TomcatWebServer  : Tomcat started on port(s): 80 (http) with context path ''
2022-08-02 14:29:37.373  INFO 15972 --- [  restartedMain] com.exam.online.ApplicationStart         : Started ApplicationStart in 2.596 seconds (JVM running for 3.152)
2022-08-02 14:33:02.520  INFO 15972 --- [SpringApplicationShutdownHook] com.alibaba.druid.pool.DruidDataSource   : {dataSource-1} closing ...
2022-08-02 14:33:02.522  INFO 15972 --- [SpringApplicationShutdownHook] com.alibaba.druid.pool.DruidDataSource   : {dataSource-1} closed
2022-08-02 14:33:04.932  INFO 18624 --- [  restartedMain] com.exam.online.ApplicationStart         : Starting ApplicationStart using Java 1.8.0_202 on ROG with PID 18624 (E:\project\IntelliJ IDEA\examonline\target\classes started by WangJian in E:\project\IntelliJ IDEA\examonline)
2022-08-02 14:33:04.933  INFO 18624 --- [  restartedMain] com.exam.online.ApplicationStart         : No active profile set, falling back to 1 default profile: "default"
2022-08-02 14:33:04.963  INFO 18624 --- [  restartedMain] .e.DevToolsPropertyDefaultsPostProcessor : Devtools property defaults active! Set 'spring.devtools.add-properties' to 'false' to disable
2022-08-02 14:33:04.963  INFO 18624 --- [  restartedMain] .e.DevToolsPropertyDefaultsPostProcessor : For additional web related logging consider setting the 'logging.level.web' property to 'DEBUG'
2022-08-02 14:33:05.727  INFO 18624 --- [  restartedMain] o.s.b.w.embedded.tomcat.TomcatWebServer  : Tomcat initialized with port(s): 8080 (http)
2022-08-02 14:33:05.732  INFO 18624 --- [  restartedMain] o.a.coyote.http11.Http11NioProtocol      : Initializing ProtocolHandler ["http-nio-8080"]
2022-08-02 14:33:05.733  INFO 18624 --- [  restartedMain] o.apache.catalina.core.StandardService   : Starting service [Tomcat]
2022-08-02 14:33:05.733  INFO 18624 --- [  restartedMain] org.apache.catalina.core.StandardEngine  : Starting Servlet engine: [Apache Tomcat/9.0.65]
2022-08-02 14:33:05.772  INFO 18624 --- [  restartedMain] o.a.c.c.C.[Tomcat].[localhost].[/]       : Initializing Spring embedded WebApplicationContext
2022-08-02 14:33:05.772  INFO 18624 --- [  restartedMain] w.s.c.ServletWebServerApplicationContext : Root WebApplicationContext: initialization completed in 809 ms
2022-08-02 14:33:05.821  INFO 18624 --- [  restartedMain] c.a.d.s.b.a.DruidDataSourceAutoConfigure : Init DruidDataSource
2022-08-02 14:33:05.853  WARN 18624 --- [  restartedMain] ConfigServletWebServerApplicationContext : Exception encountered during context initialization - cancelling refresh attempt: org.springframework.beans.factory.UnsatisfiedDependencyException: Error creating bean with name 'loginController': Unsatisfied dependency expressed through field 'loginService'; nested exception is org.springframework.beans.factory.UnsatisfiedDependencyException: Error creating bean with name 'loginServiceImpl': Unsatisfied dependency expressed through field 'adminMapper'; nested exception is org.springframework.beans.factory.UnsatisfiedDependencyException: Error creating bean with name 'IAdminMapper' defined in file [E:\project\IntelliJ IDEA\examonline\target\classes\com\exam\online\mapper\IAdminMapper.class]: Unsatisfied dependency expressed through bean property 'sqlSessionFactory'; nested exception is org.springframework.beans.factory.UnsatisfiedDependencyException: Error creating bean with name 'sqlSessionFactory' defined in class path resource [org/mybatis/spring/boot/autoconfigure/MybatisAutoConfiguration.class]: Unsatisfied dependency expressed through method 'sqlSessionFactory' parameter 0; nested exception is org.springframework.beans.factory.BeanCreationException: Error creating bean with name 'dataSource' defined in class path resource [com/alibaba/druid/spring/boot/autoconfigure/DruidDataSourceAutoConfigure.class]: Invocation of init method failed; nested exception is org.springframework.boot.autoconfigure.jdbc.DataSourceProperties$DataSourceBeanCreationException: Failed to determine a suitable driver class
2022-08-02 14:33:05.855  INFO 18624 --- [  restartedMain] o.apache.catalina.core.StandardService   : Stopping service [Tomcat]
2022-08-02 14:33:05.868  INFO 18624 --- [  restartedMain] ConditionEvaluationReportLoggingListener : 

Error starting ApplicationContext. To display the conditions report re-run your application with 'debug' enabled.
2022-08-02 14:33:05.884 ERROR 18624 --- [  restartedMain] o.s.b.d.LoggingFailureAnalysisReporter   : 

***************************
APPLICATION FAILED TO START
***************************

Description:

Failed to configure a DataSource: 'url' attribute is not specified and no embedded datasource could be configured.

Reason: Failed to determine a suitable driver class


Action:

Consider the following:
	If you want an embedded database (H2, HSQL or Derby), please put it on the classpath.
	If you have database settings to be loaded from a particular profile you may need to activate it (no profiles are currently active).

2022-08-02 14:36:58.494  INFO 19168 --- [  restartedMain] com.exam.online.ApplicationStart         : Starting ApplicationStart using Java 1.8.0_202 on ROG with PID 19168 (E:\project\IntelliJ IDEA\examonline\target\classes started by WangJian in E:\project\IntelliJ IDEA\examonline)
2022-08-02 14:36:58.494  INFO 19168 --- [  restartedMain] com.exam.online.ApplicationStart         : No active profile set, falling back to 1 default profile: "default"
2022-08-02 14:36:58.525  INFO 19168 --- [  restartedMain] .e.DevToolsPropertyDefaultsPostProcessor : Devtools property defaults active! Set 'spring.devtools.add-properties' to 'false' to disable
2022-08-02 14:36:58.525  INFO 19168 --- [  restartedMain] .e.DevToolsPropertyDefaultsPostProcessor : For additional web related logging consider setting the 'logging.level.web' property to 'DEBUG'
2022-08-02 14:36:59.319  INFO 19168 --- [  restartedMain] o.s.b.w.embedded.tomcat.TomcatWebServer  : Tomcat initialized with port(s): 80 (http)
2022-08-02 14:36:59.324  INFO 19168 --- [  restartedMain] o.a.coyote.http11.Http11NioProtocol      : Initializing ProtocolHandler ["http-nio-80"]
2022-08-02 14:36:59.325  INFO 19168 --- [  restartedMain] o.apache.catalina.core.StandardService   : Starting service [Tomcat]
2022-08-02 14:36:59.325  INFO 19168 --- [  restartedMain] org.apache.catalina.core.StandardEngine  : Starting Servlet engine: [Apache Tomcat/9.0.65]
2022-08-02 14:36:59.364  INFO 19168 --- [  restartedMain] o.a.c.c.C.[Tomcat].[localhost].[/]       : Initializing Spring embedded WebApplicationContext
2022-08-02 14:36:59.365  INFO 19168 --- [  restartedMain] w.s.c.ServletWebServerApplicationContext : Root WebApplicationContext: initialization completed in 840 ms
2022-08-02 14:36:59.425  INFO 19168 --- [  restartedMain] c.a.d.s.b.a.DruidDataSourceAutoConfigure : Init DruidDataSource
2022-08-02 14:37:00.147  INFO 19168 --- [  restartedMain] com.alibaba.druid.pool.DruidDataSource   : {dataSource-1} inited
2022-08-02 14:37:00.483  INFO 19168 --- [  restartedMain] o.s.b.a.w.s.WelcomePageHandlerMapping    : Adding welcome page: class path resource [static/index.html]
2022-08-02 14:37:00.566  WARN 19168 --- [  restartedMain] ion$DefaultTemplateResolverConfiguration : Cannot find template location: classpath:/templates/ (please add some templates or check your Thymeleaf configuration)
2022-08-02 14:37:00.706  INFO 19168 --- [  restartedMain] o.s.b.d.a.OptionalLiveReloadServer       : LiveReload server is running on port 35729
2022-08-02 14:37:00.728  INFO 19168 --- [  restartedMain] o.a.coyote.http11.Http11NioProtocol      : Starting ProtocolHandler ["http-nio-80"]
2022-08-02 14:37:00.738  INFO 19168 --- [  restartedMain] o.s.b.w.embedded.tomcat.TomcatWebServer  : Tomcat started on port(s): 80 (http) with context path ''
2022-08-02 14:37:00.745  INFO 19168 --- [  restartedMain] com.exam.online.ApplicationStart         : Started ApplicationStart in 2.564 seconds (JVM running for 3.134)
2022-08-02 14:37:06.399  INFO 19168 --- [http-nio-80-exec-1] o.a.c.c.C.[Tomcat].[localhost].[/]       : Initializing Spring DispatcherServlet 'dispatcherServlet'
2022-08-02 14:37:06.406  INFO 19168 --- [http-nio-80-exec-1] o.s.web.servlet.DispatcherServlet        : Initializing Servlet 'dispatcherServlet'
2022-08-02 14:37:06.407  INFO 19168 --- [http-nio-80-exec-1] o.s.web.servlet.DispatcherServlet        : Completed initialization in 1 ms
2022-08-02 14:38:39.628  INFO 19168 --- [SpringApplicationShutdownHook] com.alibaba.druid.pool.DruidDataSource   : {dataSource-1} closing ...
2022-08-02 14:38:39.631  INFO 19168 --- [SpringApplicationShutdownHook] com.alibaba.druid.pool.DruidDataSource   : {dataSource-1} closed
2022-08-02 14:39:06.446  INFO 21220 --- [  restartedMain] com.exam.online.ApplicationStart         : Starting ApplicationStart using Java 1.8.0_202 on ROG with PID 21220 (E:\project\IntelliJ IDEA\examonline\target\classes started by WangJian in E:\project\IntelliJ IDEA\examonline)
2022-08-02 14:39:06.447  INFO 21220 --- [  restartedMain] com.exam.online.ApplicationStart         : No active profile set, falling back to 1 default profile: "default"
2022-08-02 14:39:06.478  INFO 21220 --- [  restartedMain] .e.DevToolsPropertyDefaultsPostProcessor : Devtools property defaults active! Set 'spring.devtools.add-properties' to 'false' to disable
2022-08-02 14:39:06.478  INFO 21220 --- [  restartedMain] .e.DevToolsPropertyDefaultsPostProcessor : For additional web related logging consider setting the 'logging.level.web' property to 'DEBUG'
2022-08-02 14:39:07.258  INFO 21220 --- [  restartedMain] o.s.b.w.embedded.tomcat.TomcatWebServer  : Tomcat initialized with port(s): 80 (http)
2022-08-02 14:39:07.263  INFO 21220 --- [  restartedMain] o.a.coyote.http11.Http11NioProtocol      : Initializing ProtocolHandler ["http-nio-80"]
2022-08-02 14:39:07.264  INFO 21220 --- [  restartedMain] o.apache.catalina.core.StandardService   : Starting service [Tomcat]
2022-08-02 14:39:07.264  INFO 21220 --- [  restartedMain] org.apache.catalina.core.StandardEngine  : Starting Servlet engine: [Apache Tomcat/9.0.65]
2022-08-02 14:39:07.306  INFO 21220 --- [  restartedMain] o.a.c.c.C.[Tomcat].[localhost].[/]       : Initializing Spring embedded WebApplicationContext
2022-08-02 14:39:07.306  INFO 21220 --- [  restartedMain] w.s.c.ServletWebServerApplicationContext : Root WebApplicationContext: initialization completed in 828 ms
2022-08-02 14:39:07.373  INFO 21220 --- [  restartedMain] c.a.d.s.b.a.DruidDataSourceAutoConfigure : Init DruidDataSource
2022-08-02 14:39:08.105  INFO 21220 --- [  restartedMain] com.alibaba.druid.pool.DruidDataSource   : {dataSource-1} inited
2022-08-02 14:39:08.447  INFO 21220 --- [  restartedMain] o.s.b.a.w.s.WelcomePageHandlerMapping    : Adding welcome page: class path resource [static/index.html]
2022-08-02 14:39:08.527  WARN 21220 --- [  restartedMain] ion$DefaultTemplateResolverConfiguration : Cannot find template location: classpath:/templates/ (please add some templates or check your Thymeleaf configuration)
2022-08-02 14:39:08.665  INFO 21220 --- [  restartedMain] o.s.b.d.a.OptionalLiveReloadServer       : LiveReload server is running on port 35729
2022-08-02 14:39:08.687  INFO 21220 --- [  restartedMain] o.a.coyote.http11.Http11NioProtocol      : Starting ProtocolHandler ["http-nio-80"]
2022-08-02 14:39:08.697  INFO 21220 --- [  restartedMain] o.s.b.w.embedded.tomcat.TomcatWebServer  : Tomcat started on port(s): 80 (http) with context path ''
2022-08-02 14:39:08.705  INFO 21220 --- [  restartedMain] com.exam.online.ApplicationStart         : Started ApplicationStart in 2.564 seconds (JVM running for 3.124)
2022-08-02 14:54:05.219  INFO 21220 --- [SpringApplicationShutdownHook] com.alibaba.druid.pool.DruidDataSource   : {dataSource-1} closing ...
2022-08-02 14:54:05.221  INFO 21220 --- [SpringApplicationShutdownHook] com.alibaba.druid.pool.DruidDataSource   : {dataSource-1} closed
2022-08-02 14:54:07.668  INFO 19440 --- [  restartedMain] com.exam.online.ApplicationStart         : Starting ApplicationStart using Java 1.8.0_202 on ROG with PID 19440 (E:\project\IntelliJ IDEA\examonline\target\classes started by WangJian in E:\project\IntelliJ IDEA\examonline)
2022-08-02 14:54:07.668  INFO 19440 --- [  restartedMain] com.exam.online.ApplicationStart         : No active profile set, falling back to 1 default profile: "default"
2022-08-02 14:54:07.703  INFO 19440 --- [  restartedMain] .e.DevToolsPropertyDefaultsPostProcessor : Devtools property defaults active! Set 'spring.devtools.add-properties' to 'false' to disable
2022-08-02 14:54:07.703  INFO 19440 --- [  restartedMain] .e.DevToolsPropertyDefaultsPostProcessor : For additional web related logging consider setting the 'logging.level.web' property to 'DEBUG'
2022-08-02 14:54:08.537  INFO 19440 --- [  restartedMain] o.s.b.w.embedded.tomcat.TomcatWebServer  : Tomcat initialized with port(s): 80 (http)
2022-08-02 14:54:08.542  INFO 19440 --- [  restartedMain] o.a.coyote.http11.Http11NioProtocol      : Initializing ProtocolHandler ["http-nio-80"]
2022-08-02 14:54:08.543  INFO 19440 --- [  restartedMain] o.apache.catalina.core.StandardService   : Starting service [Tomcat]
2022-08-02 14:54:08.543  INFO 19440 --- [  restartedMain] org.apache.catalina.core.StandardEngine  : Starting Servlet engine: [Apache Tomcat/9.0.65]
2022-08-02 14:54:08.582  INFO 19440 --- [  restartedMain] o.a.c.c.C.[Tomcat].[localhost].[/]       : Initializing Spring embedded WebApplicationContext
2022-08-02 14:54:08.582  INFO 19440 --- [  restartedMain] w.s.c.ServletWebServerApplicationContext : Root WebApplicationContext: initialization completed in 879 ms
2022-08-02 14:54:08.641  INFO 19440 --- [  restartedMain] c.a.d.s.b.a.DruidDataSourceAutoConfigure : Init DruidDataSource
2022-08-02 14:54:09.418  INFO 19440 --- [  restartedMain] com.alibaba.druid.pool.DruidDataSource   : {dataSource-1} inited
2022-08-02 14:54:09.763  INFO 19440 --- [  restartedMain] o.s.b.a.w.s.WelcomePageHandlerMapping    : Adding welcome page: class path resource [static/index.html]
2022-08-02 14:54:09.845  WARN 19440 --- [  restartedMain] ion$DefaultTemplateResolverConfiguration : Cannot find template location: classpath:/templates/ (please add some templates or check your Thymeleaf configuration)
2022-08-02 14:54:09.990  INFO 19440 --- [  restartedMain] o.s.b.d.a.OptionalLiveReloadServer       : LiveReload server is running on port 35729
2022-08-02 14:54:10.013  INFO 19440 --- [  restartedMain] o.a.coyote.http11.Http11NioProtocol      : Starting ProtocolHandler ["http-nio-80"]
2022-08-02 14:54:10.023  INFO 19440 --- [  restartedMain] o.s.b.w.embedded.tomcat.TomcatWebServer  : Tomcat started on port(s): 80 (http) with context path ''
2022-08-02 14:54:10.031  INFO 19440 --- [  restartedMain] com.exam.online.ApplicationStart         : Started ApplicationStart in 2.703 seconds (JVM running for 3.28)
